make.exe all --print-data-base --no-builtin-variables --no-builtin-rules --question
# GNU Make 3.81
# Copyright (C) 2006  Free Software Foundation, Inc.
# This is free software; see the source for copying conditions.
# There is NO warranty; not even for MERCHANTABILITY or FITNESS FOR A
# PARTICULAR PURPOSE.

# This program built for i686-pc-msys

# Make data base, printed on Sat Oct  8 20:32:29 2022

# Variables

# automatic
<D = $(patsubst %/,%,$(dir $<))
# automatic
?F = $(notdir $?)
# makefile
MAKEFLAGS = Rrp
# automatic
?D = $(patsubst %/,%,$(dir $?))
# environment
TOOLCHAIN = C:\Programmi\xtensa-esp32-elf\bin 
# environment
FLASK_APP = hello.py
# automatic
@D = $(patsubst %/,%,$(dir $@))
# environment
HOMEDRIVE = C:
# automatic
@F = $(notdir $@)
# automatic
^D = $(patsubst %/,%,$(dir $^))
# makefile
CURDIR := /c/Users/degan/OneDrive/Desktop/VOI_comms_BLE/CTU
# default
SHELL := /bin/sh
# environment
WINDIR = C:\WINDOWS
# environment
VSCODE_NLS_CONFIG = {"locale":"it","availableLanguages":{},"_languagePackSupport":true}
# environment
ONEDRIVE = C:\Users\degan\OneDrive
# environment
PATHEXT = .COM;.EXE;.BAT;.CMD;.VBS;.VBE;.JS;.JSE;.WSF;.WSH;.MSC
# makefile (from `Makefile', line 1)
MAKEFILE_LIST :=  Makefile
# environment
FPS_BROWSER_USER_PROFILE_STRING = Default
# environment
TMP = /tmp
# environment
PROGRAMW6432 = C:\Program Files
# environment
PROGRAMDATA = C:\ProgramData
# environment
NINJA = C:\ninja
# environment
VSCODE_CWD = C:\Users\degan\AppData\Local\Programs\Microsoft VS Code
# environment
PATH = /c/Program Files/Common Files/Oracle/Java/javapath:/c/Program Files (x86)/VMware/VMware Workstation/bin/:/c/Program Files (x86)/Microsoft SDKs/Azure/CLI2/wbin:/c/WINDOWS/system32:/c/WINDOWS:/c/WINDOWS/System32/Wbem:/c/WINDOWS/System32/WindowsPowerShell/v1.0/:/c/WINDOWS/System32/OpenSSH/:/c/ProgramData/chocolatey/bin:/c/Program Files/nodejs/:/c/Program Files/MATLAB/R2021b/bin:/c/Program Files (x86)/Nordic Semiconductor/nrf-command-line-tools/bin/:/c/Program Files/PuTTY/:/c/MinGW/bin:/usr/bin:/c/Program Files/CMake/bin:/c/Program Files/Git/cmd:/c/Program Files/Amazon/AWSCLIV2/:/c/Program Files/OpenSSL/bin:/c/Program Files (x86)/GNU Tools ARM Embedded/5.4 2016q3/bin:/c/Users/degan/AppData/Local/Microsoft/WindowsApps:/c/Users/degan/AppData/Local/Programs/Microsoft VS Code/bin:/c/Users/degan/AppData/Roaming/npm:/c/Users/degan/.deno/bin:/c/Program Files/heroku/bin:/c/Users/degan/AppData/Local/GitHubDesktop/bin:/c/Program Files/snap/bin:/c/Users/degan/AppData/Local/Microsoft/WindowsApps:/c/Program Files/OpenSSL-Win64/bin:.
# environment
ONLINESERVICES = Online Services
# environment
COMMONPROGRAMW6432 = C:\Program Files\Common Files
# environment
ZES_ENABLE_SYSMAN = 1
# environment
CHOCOLATEYLASTPATHUPDATE = 133039938858568181
# environment
PROCESSOR_ARCHITECTURE = x86
# environment
USERPROFILE = C:\Users\degan
# environment
CHOCOLATEYINSTALL = C:\ProgramData\chocolatey
# environment
!C: = c:\Users\degan\OneDrive\Desktop\VOI_comms_BLE\CTU
# environment
ALLUSERSPROFILE = C:\ProgramData
# environment
NUMBER_OF_PROCESSORS = 8
# environment
ELECTRON_RUN_AS_NODE = 1
# default
.FEATURES := target-specific order-only second-expansion else-if archives jobserver check-symlink
# environment
NRFGOSTUDIOPATH = C:\Program Files (x86)\Nordic Semiconductor\nRFgo Studio
# automatic
%F = $(notdir $%)
# environment
CHROME_CRASHPAD_PIPE_NAME = \\.\pipe\crashpad_28984_CEPAALKHMIFAQTQM
# environment
COMPUTERNAME = LAPTOP-CQUHDE6I
# environment
PROGRAMFILES = C:\Program Files (x86)
# environment
DRIVERDATA = C:\Windows\System32\Drivers\DriverData
# environment
ORIGINAL_XDG_CURRENT_DESKTOP = undefined
# environment
USERNAME = degan
# environment
PYTHON = C:\Python39\python
# environment
PUBLIC = C:\Users\Public
# environment
VSCODE_AMD_ENTRYPOINT = vs/workbench/api/node/extensionHostProcess
# environment
CHOCOLATEYTOOLSLOCATION = C:\tools
# environment
VSCODE_CODE_CACHE_PATH = C:\Users\degan\AppData\Roaming\Code\CachedData\64bbfbf67ada9953918d72e1df2f4d8e537d340e
# environment
APPLICATION_INSIGHTS_NO_DIAGNOSTIC_CHANNEL = 1
# environment
COMMONPROGRAMFILES = C:\Program Files (x86)\Common Files
# environment
LOGONSERVER = \\LAPTOP-CQUHDE6I
# environment
OPENSSL_CONF = C:\openssl-3\x64\bin\openssl
# environment
VSCODE_HANDLES_UNCAUGHT_ERRORS = true
# environment
USERDOMAIN = LAPTOP-CQUHDE6I
# default
MAKE = $(MAKE_COMMAND)
# default
MAKECMDGOALS := all
# default
MAKE_VERSION := 3.81
# makefile
.DEFAULT_GOAL := 
# environment
PROGRAMFILES(X86) = C:\Program Files (x86)
# automatic
%D = $(patsubst %/,%,$(dir $%))
# environment
LOCALAPPDATA = C:\Users\degan\AppData\Local
# environment
PSMODULEPATH = C:\Program Files\WindowsPowerShell\Modules;C:\WINDOWS\system32\WindowsPowerShell\v1.0\Modules
# default
MAKE_COMMAND := make.exe
# environment
PROCESSOR_ARCHITEW6432 = AMD64
# default
.VARIABLES := 
# automatic
*F = $(notdir $*)
# environment
PROCESSOR_IDENTIFIER = Intel64 Family 6 Model 140 Stepping 1, GenuineIntel
# environment
OS = Windows_NT
# environment
VSCODE_IPC_HOOK = \\.\pipe\ec26bdb7e4eb9ca2cf9b8b9dd759f3ba-1.72.0-main-sock
# environment
PYTHONPATH = C:\esp\esp-idf\tools\ci\python_packages
# environment
HOMEPATH = \
# environment
COMMONPROGRAMFILES(X86) = C:\Program Files (x86)\Common Files
# environment
PROMPT = $P$G
# environment
MFLAGS = -Rrp
# automatic
*D = $(patsubst %/,%,$(dir $*))
# environment
REGIONCODE = EMEA
# environment
SYSTEMROOT = C:\WINDOWS
# automatic
+D = $(patsubst %/,%,$(dir $+))
# environment
PLATFORMCODE = KV
# automatic
+F = $(notdir $+)
# environment
APPDATA = C:\Users\degan\AppData\Roaming
# environment
TEMP = /tmp
# environment
COMSPEC = C:\WINDOWS\system32\cmd.exe
# default
MAKEFILES := 
# environment
IDF_TOOLS_PATH = C:\Espressif
# automatic
<F = $(notdir $<)
# makefile (from `Makefile', line 6)
PROJECT_NAME := CTU
# environment
ESP_HOME = C:\tools\esp-quick-toolchain\gnu20
# environment
LC_ALL = C
# automatic
^F = $(notdir $^)
# default
SUFFIXES := 
# environment
SYSTEMDRIVE = C:
# environment
SESSIONNAME = Console
# environment
PROCESSOR_REVISION = 8c01
# default
.INCLUDE_DIRS = /usr/include /usr/include
# environment
MAKELEVEL := 0
# environment
LANG = C
# environment
PROCESSOR_LEVEL = 6
# environment
TERM = cygwin
# environment
FPS_BROWSER_APP_PROFILE_STRING = Internet Explorer
# environment
VSCODE_PID = 28984
# environment
USERDOMAIN_ROAMINGPROFILE = LAPTOP-CQUHDE6I
# variable set hash-table stats:
# Load=103/1024=10%, Rehash=0, Collisions=8/126=6%

# Pattern-specific Variable Values

# No pattern-specific variable values.

# Directories

# . (device 1328, inode 957189): 12 files, no impossibilities.

# 12 files, no impossibilities in 1 directories.

# Implicit Rules

# No implicit rules.

# Files

# Not a target:
all:
#  Command-line target.
#  Implicit rule search has not been done.
#  Modification time never checked.
#  File has not been updated.

# Not a target:
.SUFFIXES:
#  Implicit rule search has not been done.
#  Modification time never checked.
#  File has not been updated.

# Not a target:
Makefile:
#  Implicit rule search has not been done.
#  Last modified 2022-08-18 12:35:08
#  File has not been updated.

# Not a target:
.DEFAULT:
#  Implicit rule search has not been done.
#  Modification time never checked.
#  File has not been updated.

# Not a target:
/make/project.mk:
#  Implicit rule search has been done.
#  File does not exist.
#  File has not been updated.
# variable set hash-table stats:
# Load=0/32=0%, Rehash=0, Collisions=0/0=0%

# files hash-table stats:
# Load=5/1024=0%, Rehash=0, Collisions=0/17=0%
# VPATH Search Paths

# No `vpath' search paths.

# No general (`VPATH' variable) search path.

# # of strings in strcache: 2
# # of strcache buffers: 1
# strcache size: total = 4096 / max = 4096 / min = 4096 / avg = 4096
# strcache free: total = 4070 / max = 4070 / min = 4070 / avg = 4070

# Finished Make data base on Sat Oct  8 20:32:29 2022

 
Makefile:8: /make/project.mk: No such file or directory
make.exe: *** No rule to make target `/make/project.mk'.  Stop.

